{
  "RSpec": {
    "coverage": {
      "/home/ec2-user/environment/Self-Evaluation-Portal-CSCE625/code/app/helpers/application_helper.rb": [
        1,
        null,
        1,
        0,
        0,
        0,
        null,
        0,
        null,
        null,
        null,
        null
      ],
      "/home/ec2-user/environment/Self-Evaluation-Portal-CSCE625/code/app/helpers/instructors_helper.rb": [
        1,
        null
      ],
      "/home/ec2-user/environment/Self-Evaluation-Portal-CSCE625/code/app/helpers/password_resets_helper.rb": [
        1,
        null
      ],
      "/home/ec2-user/environment/Self-Evaluation-Portal-CSCE625/code/app/helpers/problem_displays_helper.rb": [
        1,
        null
      ],
      "/home/ec2-user/environment/Self-Evaluation-Portal-CSCE625/code/app/helpers/problems_helper.rb": [
        1,
        null
      ],
      "/home/ec2-user/environment/Self-Evaluation-Portal-CSCE625/code/app/helpers/sessions_helper.rb": [
        1,
        null,
        1,
        2,
        null,
        null,
        1,
        3,
        3,
        3,
        null,
        null,
        1,
        3,
        0,
        3,
        2,
        2,
        2,
        2,
        null,
        null,
        null,
        null,
        1,
        1,
        null,
        null,
        1,
        1,
        1,
        1,
        null,
        null,
        1,
        1,
        1,
        1,
        null,
        null,
        1,
        0,
        null,
        null,
        1,
        0,
        0,
        null,
        null,
        1,
        0,
        null,
        null,
        null
      ],
      "/home/ec2-user/environment/Self-Evaluation-Portal-CSCE625/code/app/helpers/static_pages_helper.rb": [
        1,
        null
      ],
      "/home/ec2-user/environment/Self-Evaluation-Portal-CSCE625/code/app/helpers/topics_helper.rb": [
        1,
        null
      ],
      "/home/ec2-user/environment/Self-Evaluation-Portal-CSCE625/code/app/channels/application_cable/channel.rb": [
        1,
        1,
        null,
        null
      ],
      "/home/ec2-user/environment/Self-Evaluation-Portal-CSCE625/code/app/channels/application_cable/connection.rb": [
        1,
        1,
        null,
        null
      ],
      "/home/ec2-user/environment/Self-Evaluation-Portal-CSCE625/code/app/controllers/application_controller.rb": [
        1,
        1,
        1,
        1,
        null,
        null,
        null
      ],
      "/home/ec2-user/environment/Self-Evaluation-Portal-CSCE625/code/app/controllers/password_resets_controller.rb": [
        1,
        null,
        1,
        1,
        null,
        1,
        null,
        null,
        1,
        0,
        0,
        0,
        0,
        0,
        0,
        null,
        0,
        0,
        null,
        null,
        null,
        1,
        null,
        null,
        1,
        0,
        0,
        0,
        0,
        0,
        0,
        0,
        null,
        0,
        null,
        null,
        null,
        1,
        null,
        1,
        0,
        null,
        null,
        1,
        0,
        null,
        null,
        null,
        1,
        0,
        0,
        0,
        null,
        null,
        null
      ],
      "/home/ec2-user/environment/Self-Evaluation-Portal-CSCE625/code/app/controllers/problem_displays_controller.rb": [
        1,
        1,
        0,
        null,
        null,
        1,
        0,
        0,
        0,
        null,
        0,
        null,
        null,
        0,
        null,
        null,
        null,
        0,
        0,
        null,
        0,
        0,
        null,
        null,
        null,
        1,
        null,
        0,
        0,
        null,
        0,
        0,
        null,
        null,
        0,
        0,
        0,
        null,
        null,
        0,
        0,
        null,
        0,
        0,
        null,
        null,
        1,
        null,
        0,
        0,
        null,
        0,
        0,
        null,
        null,
        0,
        null,
        0,
        0,
        0,
        null,
        0,
        0,
        0,
        null,
        0,
        0,
        null,
        null,
        0,
        0,
        0,
        0,
        0,
        null,
        null,
        null,
        0,
        0,
        0,
        null,
        null,
        null,
        0,
        0,
        0,
        0,
        0,
        0,
        0,
        0,
        0,
        0,
        0,
        null,
        0,
        0,
        0,
        0,
        0,
        null,
        0,
        0,
        null,
        0,
        0,
        0,
        0,
        0,
        0,
        null,
        null,
        0,
        0,
        0,
        0,
        null,
        0,
        null,
        null,
        0,
        0,
        0,
        0,
        0,
        0,
        0,
        null,
        0,
        null,
        null,
        0,
        0,
        null,
        0,
        null,
        null,
        null,
        1,
        0,
        0,
        0,
        0,
        null,
        0,
        0,
        null,
        0,
        0,
        0,
        null,
        null,
        1,
        0,
        0,
        null,
        0,
        null,
        0,
        null,
        null,
        1,
        0,
        0,
        null,
        0,
        null,
        0,
        0,
        0,
        0,
        null,
        0,
        0,
        null,
        null,
        null,
        null
      ],
      "/home/ec2-user/environment/Self-Evaluation-Portal-CSCE625/code/app/controllers/problems_controller.rb": [
        1,
        1,
        null,
        1,
        0,
        0,
        0,
        0,
        0,
        null,
        null,
        null,
        1,
        0,
        null,
        null,
        0,
        0,
        0,
        null,
        0,
        0,
        null,
        null,
        0,
        0,
        0,
        0,
        null,
        null,
        0,
        null,
        null,
        null,
        null,
        0,
        null,
        0,
        null,
        0,
        0,
        null,
        null,
        0,
        0,
        null,
        null,
        null,
        0,
        0,
        0,
        0,
        0,
        0,
        null,
        0,
        null,
        0,
        null,
        null,
        null,
        null,
        1,
        0,
        null,
        null,
        1,
        0,
        0,
        0,
        0,
        null,
        0,
        0,
        null,
        null,
        null,
        1,
        0,
        0,
        0,
        0,
        0,
        null,
        null,
        1,
        0,
        0,
        0,
        0,
        0,
        0,
        null,
        0,
        null,
        0,
        0,
        0,
        0,
        0,
        null,
        null,
        0,
        null,
        null,
        null,
        null,
        0,
        null,
        0,
        null,
        0,
        null,
        null,
        0,
        0,
        null,
        null,
        0,
        0,
        0,
        0,
        0,
        0,
        0,
        null,
        0,
        null,
        0,
        null,
        null,
        null,
        null,
        1,
        0,
        0,
        0,
        0,
        null,
        null,
        1,
        null,
        1,
        0,
        null,
        null,
        1,
        0,
        null,
        null,
        null,
        1,
        0,
        null,
        null,
        1,
        0,
        null,
        0,
        0,
        0,
        null,
        null,
        0,
        null,
        null,
        null,
        null,
        1,
        0,
        null,
        0,
        0,
        0,
        0,
        null,
        null,
        0,
        null,
        null,
        null,
        null,
        1,
        0,
        0,
        0,
        0,
        null,
        null,
        1,
        0,
        0,
        null,
        null,
        1,
        0,
        null,
        null
      ],
      "/home/ec2-user/environment/Self-Evaluation-Portal-CSCE625/code/app/controllers/sessions_controller.rb": [
        1,
        1,
        null,
        null,
        1,
        0,
        0,
        0,
        0,
        0,
        null,
        0,
        0,
        null,
        0,
        null,
        null,
        0,
        null,
        null,
        null,
        1,
        1,
        1,
        null,
        null,
        null
      ],
      "/home/ec2-user/environment/Self-Evaluation-Portal-CSCE625/code/app/jobs/application_job.rb": [
        1,
        null
      ],
      "/home/ec2-user/environment/Self-Evaluation-Portal-CSCE625/code/app/mailers/application_mailer.rb": [
        1,
        1,
        1,
        null
      ],
      "/home/ec2-user/environment/Self-Evaluation-Portal-CSCE625/code/app/mailers/instructor_mailer.rb": [
        1,
        null,
        null,
        null,
        null,
        null,
        null,
        1,
        0,
        0,
        null,
        null
      ],
      "/home/ec2-user/environment/Self-Evaluation-Portal-CSCE625/code/app/models/instructor.rb": [
        1,
        1,
        15,
        1,
        1,
        1,
        null,
        null,
        1,
        1,
        null,
        1,
        9,
        null,
        9,
        null,
        null,
        null,
        1,
        2,
        2,
        2,
        null,
        null,
        null,
        1,
        0,
        null,
        null,
        1,
        7,
        null,
        null,
        1,
        5,
        5,
        null,
        null,
        1,
        2,
        null,
        null,
        1,
        6,
        4,
        null,
        null,
        1,
        2,
        null,
        null
      ],
      "/home/ec2-user/environment/Self-Evaluation-Portal-CSCE625/code/app/models/application_record.rb": [
        1,
        1,
        null
      ],
      "/home/ec2-user/environment/Self-Evaluation-Portal-CSCE625/code/app/models/link.rb": [
        1,
        1,
        null
      ],
      "/home/ec2-user/environment/Self-Evaluation-Portal-CSCE625/code/app/models/option.rb": [
        1,
        1,
        1,
        null
      ],
      "/home/ec2-user/environment/Self-Evaluation-Portal-CSCE625/code/app/models/question_type.rb": [
        1,
        1,
        null
      ],
      "/home/ec2-user/environment/Self-Evaluation-Portal-CSCE625/code/app/models/problem.rb": [
        0,
        0,
        0,
        0,
        0,
        0,
        0,
        0
      ],
      "/home/ec2-user/environment/Self-Evaluation-Portal-CSCE625/code/app/models/topic.rb": [
        0,
        0,
        0,
        0,
        0
      ],
      "/home/ec2-user/environment/Self-Evaluation-Portal-CSCE625/code/app/controllers/instructors_controller.rb": [
        0,
        0,
        0,
        0,
        null,
        0,
        0,
        0,
        0,
        0,
        0,
        0,
        0,
        0,
        0,
        0,
        0,
        null,
        0,
        0,
        0,
        null,
        0,
        0,
        0,
        null,
        0,
        0,
        0,
        null,
        0,
        0,
        0,
        null,
        0,
        0,
        0,
        0,
        0,
        0,
        0,
        0,
        0,
        null,
        0,
        0,
        0,
        0,
        0,
        null,
        0,
        0,
        0,
        null,
        0,
        0,
        0,
        0,
        0,
        0,
        0,
        0,
        0,
        0,
        0,
        0,
        0,
        0,
        0,
        0,
        0,
        0,
        0,
        0,
        0,
        0,
        0,
        null,
        0,
        null,
        0,
        0,
        0,
        null,
        0,
        0,
        0,
        0,
        null,
        0,
        0,
        0,
        0,
        0,
        0,
        0,
        null,
        0,
        0,
        0,
        0,
        null,
        0,
        0,
        0,
        0
      ],
      "/home/ec2-user/environment/Self-Evaluation-Portal-CSCE625/code/app/controllers/topics_controller.rb": [
        0,
        0,
        0,
        0,
        0,
        null,
        0,
        0,
        0,
        0,
        0,
        0,
        0,
        0,
        0,
        0,
        null,
        0,
        0,
        0,
        0,
        null,
        0,
        0,
        0,
        null,
        0,
        0,
        0,
        0,
        0,
        0,
        0,
        0,
        0,
        null,
        0,
        0,
        0,
        null,
        0,
        0,
        0,
        0,
        0,
        null,
        0,
        null,
        0,
        0,
        0,
        null,
        0,
        0,
        0,
        0,
        null,
        0,
        0,
        0,
        0,
        0,
        0,
        0,
        null,
        0,
        0,
        0,
        0,
        null,
        0,
        0,
        0,
        0
      ],
      "/home/ec2-user/environment/Self-Evaluation-Portal-CSCE625/code/app/controllers/static_pages_controller.rb": [
        0,
        0,
        0,
        null,
        0,
        0,
        null,
        0,
        0,
        null,
        0,
        0,
        0
      ]
    },
    "timestamp": 1543883856
  },
  "Cucumber Features": {
    "coverage": {
      "/home/ec2-user/environment/Self-Evaluation-Portal-CSCE625/code/app/controllers/sessions_controller.rb": [
        1,
        1,
        null,
        null,
        1,
        23,
        23,
        0,
        0,
        0,
        null,
        23,
        0,
        null,
        23,
        null,
        null,
        23,
        null,
        null,
        null,
        1,
        0,
        0,
        null,
        null,
        null
      ],
      "/home/ec2-user/environment/Self-Evaluation-Portal-CSCE625/code/app/controllers/application_controller.rb": [
        1,
        1,
        1,
        1,
        null,
        null,
        null
      ],
      "/home/ec2-user/environment/Self-Evaluation-Portal-CSCE625/code/app/helpers/application_helper.rb": [
        1,
        null,
        1,
        99,
        99,
        10,
        null,
        89,
        null,
        null,
        null,
        null
      ],
      "/home/ec2-user/environment/Self-Evaluation-Portal-CSCE625/code/app/helpers/instructors_helper.rb": [
        1,
        null
      ],
      "/home/ec2-user/environment/Self-Evaluation-Portal-CSCE625/code/app/helpers/password_resets_helper.rb": [
        1,
        null
      ],
      "/home/ec2-user/environment/Self-Evaluation-Portal-CSCE625/code/app/helpers/problem_displays_helper.rb": [
        1,
        null
      ],
      "/home/ec2-user/environment/Self-Evaluation-Portal-CSCE625/code/app/helpers/problems_helper.rb": [
        1,
        null
      ],
      "/home/ec2-user/environment/Self-Evaluation-Portal-CSCE625/code/app/helpers/sessions_helper.rb": [
        1,
        null,
        1,
        0,
        null,
        null,
        1,
        0,
        0,
        0,
        null,
        null,
        1,
        118,
        0,
        118,
        0,
        0,
        0,
        0,
        null,
        null,
        null,
        null,
        1,
        118,
        null,
        null,
        1,
        0,
        0,
        0,
        null,
        null,
        1,
        0,
        0,
        0,
        null,
        null,
        1,
        0,
        null,
        null,
        1,
        0,
        0,
        null,
        null,
        1,
        19,
        null,
        null,
        null
      ],
      "/home/ec2-user/environment/Self-Evaluation-Portal-CSCE625/code/app/helpers/static_pages_helper.rb": [
        1,
        null
      ],
      "/home/ec2-user/environment/Self-Evaluation-Portal-CSCE625/code/app/helpers/topics_helper.rb": [
        1,
        null
      ],
      "/home/ec2-user/environment/Self-Evaluation-Portal-CSCE625/code/app/models/instructor.rb": [
        1,
        1,
        1,
        1,
        1,
        1,
        null,
        null,
        1,
        1,
        null,
        1,
        0,
        null,
        0,
        null,
        null,
        null,
        1,
        0,
        0,
        0,
        null,
        null,
        null,
        1,
        0,
        null,
        null,
        1,
        0,
        null,
        null,
        1,
        0,
        0,
        null,
        null,
        1,
        0,
        null,
        null,
        1,
        0,
        0,
        null,
        null,
        1,
        0,
        null,
        null
      ],
      "/home/ec2-user/environment/Self-Evaluation-Portal-CSCE625/code/app/models/application_record.rb": [
        1,
        1,
        null
      ],
      "/home/ec2-user/environment/Self-Evaluation-Portal-CSCE625/code/app/controllers/topics_controller.rb": [
        1,
        1,
        1,
        0,
        null,
        null,
        1,
        0,
        0,
        0,
        0,
        0,
        null,
        0,
        null,
        null,
        null,
        1,
        0,
        0,
        null,
        null,
        1,
        0,
        null,
        null,
        1,
        0,
        0,
        0,
        0,
        null,
        0,
        null,
        null,
        null,
        1,
        0,
        null,
        null,
        1,
        0,
        0,
        0,
        null,
        null,
        1,
        null,
        1,
        0,
        null,
        null,
        1,
        0,
        null,
        null,
        null,
        1,
        6,
        6,
        6,
        6,
        null,
        null,
        null,
        1,
        0,
        0,
        null,
        null,
        1,
        0,
        null,
        null
      ],
      "/home/ec2-user/environment/Self-Evaluation-Portal-CSCE625/code/app/models/topic.rb": [
        1,
        1,
        1,
        null,
        null
      ],
      "/home/ec2-user/environment/Self-Evaluation-Portal-CSCE625/code/app/controllers/static_pages_controller.rb": [
        1,
        1,
        null,
        null,
        1,
        null,
        null,
        1,
        null,
        null,
        1,
        null,
        null
      ],
      "/home/ec2-user/environment/Self-Evaluation-Portal-CSCE625/code/app/controllers/instructors_controller.rb": [
        1,
        1,
        1,
        1,
        null,
        1,
        0,
        0,
        0,
        0,
        0,
        0,
        0,
        null,
        0,
        null,
        null,
        null,
        1,
        0,
        null,
        null,
        1,
        0,
        null,
        null,
        1,
        0,
        null,
        null,
        1,
        0,
        null,
        null,
        1,
        0,
        0,
        0,
        0,
        null,
        0,
        null,
        null,
        null,
        1,
        0,
        0,
        0,
        null,
        null,
        1,
        15,
        null,
        null,
        1,
        6,
        6,
        6,
        6,
        6,
        null,
        0,
        0,
        0,
        0,
        null,
        0,
        0,
        0,
        0,
        0,
        null,
        0,
        null,
        null,
        null,
        null,
        null,
        1,
        null,
        1,
        0,
        null,
        null,
        1,
        0,
        null,
        null,
        null,
        1,
        0,
        0,
        0,
        0,
        null,
        null,
        null,
        1,
        0,
        0,
        null,
        null,
        1,
        0,
        null,
        null
      ],
      "/home/ec2-user/environment/Self-Evaluation-Portal-CSCE625/code/app/controllers/problems_controller.rb": [
        1,
        1,
        null,
        1,
        0,
        0,
        0,
        0,
        0,
        null,
        null,
        null,
        1,
        0,
        null,
        null,
        0,
        0,
        0,
        null,
        0,
        0,
        null,
        null,
        0,
        0,
        0,
        0,
        null,
        null,
        0,
        null,
        null,
        null,
        null,
        0,
        null,
        0,
        null,
        0,
        0,
        null,
        null,
        0,
        0,
        null,
        null,
        null,
        0,
        0,
        0,
        0,
        0,
        0,
        null,
        0,
        null,
        0,
        null,
        null,
        null,
        null,
        1,
        0,
        null,
        null,
        1,
        0,
        0,
        0,
        0,
        null,
        0,
        0,
        null,
        null,
        null,
        1,
        0,
        0,
        0,
        0,
        0,
        null,
        null,
        1,
        0,
        0,
        0,
        0,
        0,
        0,
        0,
        null,
        0,
        null,
        0,
        0,
        0,
        0,
        0,
        null,
        null,
        0,
        null,
        null,
        null,
        null,
        0,
        null,
        0,
        null,
        0,
        null,
        null,
        0,
        0,
        null,
        null,
        0,
        0,
        0,
        0,
        0,
        0,
        0,
        null,
        0,
        null,
        0,
        null,
        null,
        null,
        null,
        1,
        0,
        0,
        0,
        0,
        null,
        null,
        1,
        null,
        1,
        0,
        null,
        null,
        1,
        0,
        null,
        null,
        null,
        1,
        0,
        null,
        null,
        1,
        0,
        null,
        0,
        0,
        0,
        null,
        null,
        0,
        null,
        null,
        null,
        null,
        1,
        0,
        null,
        0,
        0,
        0,
        0,
        null,
        null,
        0,
        null,
        null,
        null,
        null,
        1,
        13,
        13,
        13,
        13,
        null,
        null,
        1,
        0,
        0,
        null,
        null,
        1,
        0,
        null,
        null
      ],
      "/home/ec2-user/environment/Self-Evaluation-Portal-CSCE625/code/app/controllers/problem_displays_controller.rb": [
        1,
        1,
        9,
        null,
        null,
        1,
        18,
        9,
        9,
        null,
        9,
        null,
        null,
        9,
        null,
        null,
        null,
        9,
        2,
        null,
        7,
        7,
        null,
        null,
        null,
        1,
        null,
        7,
        0,
        null,
        7,
        7,
        null,
        null,
        7,
        7,
        0,
        null,
        null,
        7,
        7,
        null,
        7,
        0,
        null,
        null,
        1,
        null,
        0,
        0,
        null,
        0,
        0,
        null,
        null,
        0,
        null,
        0,
        0,
        0,
        null,
        0,
        0,
        0,
        null,
        0,
        0,
        null,
        null,
        0,
        0,
        0,
        0,
        0,
        null,
        null,
        null,
        0,
        0,
        0,
        null,
        null,
        null,
        0,
        0,
        0,
        0,
        0,
        0,
        0,
        0,
        0,
        0,
        0,
        null,
        0,
        0,
        0,
        0,
        0,
        null,
        0,
        0,
        null,
        0,
        0,
        0,
        0,
        0,
        0,
        null,
        null,
        0,
        0,
        0,
        0,
        null,
        0,
        null,
        null,
        0,
        0,
        0,
        0,
        0,
        0,
        0,
        null,
        0,
        null,
        null,
        0,
        0,
        null,
        0,
        null,
        null,
        null,
        1,
        0,
        0,
        0,
        0,
        null,
        0,
        0,
        null,
        0,
        0,
        0,
        null,
        null,
        1,
        2,
        0,
        null,
        2,
        null,
        2,
        null,
        null,
        1,
        0,
        0,
        null,
        0,
        null,
        0,
        0,
        0,
        0,
        null,
        0,
        0,
        null,
        null,
        null,
        null
      ],
      "/home/ec2-user/environment/Self-Evaluation-Portal-CSCE625/code/app/models/problem.rb": [
        1,
        1,
        1,
        1,
        1,
        1,
        1,
        null
      ],
      "/home/ec2-user/environment/Self-Evaluation-Portal-CSCE625/code/app/mailers/application_mailer.rb": [
        0,
        0,
        0,
        0
      ],
      "/home/ec2-user/environment/Self-Evaluation-Portal-CSCE625/code/app/mailers/instructor_mailer.rb": [
        0,
        null,
        null,
        null,
        null,
        null,
        null,
        0,
        0,
        0,
        0,
        0
      ],
      "/home/ec2-user/environment/Self-Evaluation-Portal-CSCE625/code/app/jobs/application_job.rb": [
        0,
        0
      ],
      "/home/ec2-user/environment/Self-Evaluation-Portal-CSCE625/code/app/channels/application_cable/connection.rb": [
        0,
        0,
        0,
        0
      ],
      "/home/ec2-user/environment/Self-Evaluation-Portal-CSCE625/code/app/channels/application_cable/channel.rb": [
        0,
        0,
        0,
        0
      ],
      "/home/ec2-user/environment/Self-Evaluation-Portal-CSCE625/code/app/models/option.rb": [
        0,
        0,
        0,
        0
      ],
      "/home/ec2-user/environment/Self-Evaluation-Portal-CSCE625/code/app/models/link.rb": [
        0,
        0,
        0
      ],
      "/home/ec2-user/environment/Self-Evaluation-Portal-CSCE625/code/app/models/question_type.rb": [
        0,
        0,
        0
      ],
      "/home/ec2-user/environment/Self-Evaluation-Portal-CSCE625/code/app/controllers/password_resets_controller.rb": [
        0,
        null,
        0,
        0,
        null,
        0,
        0,
        null,
        0,
        0,
        0,
        0,
        0,
        0,
        0,
        0,
        0,
        0,
        0,
        0,
        null,
        0,
        0,
        null,
        0,
        0,
        0,
        0,
        0,
        0,
        0,
        0,
        0,
        0,
        0,
        0,
        null,
        0,
        null,
        0,
        0,
        0,
        null,
        0,
        0,
        0,
        null,
        null,
        0,
        0,
        0,
        0,
        0,
        0,
        0
      ]
    },
    "timestamp": 1544290082
  }
}
